<?xml version="1.0" encoding="utf-8"?><testsuites><testsuite name="pytest" errors="0" failures="0" skipped="0" tests="34" time="2.159" timestamp="2026-04-02T14:15:51.410146-04:00" hostname="s7-uhs-20773.ad.psu.edu"><testcase classname="tests.test_data" name="test_packed_sft_dataset" time="0.331" /><testcase classname="tests.test_data" name="test_iterate_batches" time="0.311" /><testcase classname="tests.test_dpo" name="test_per_instance_dpo_loss" time="0.659" /><testcase classname="tests.test_grpo" name="test_compute_group_normalized_rewards_normalize_by_std" time="0.017" /><testcase classname="tests.test_grpo" name="test_compute_group_normalized_rewards_no_normalize_by_std" time="0.001" /><testcase classname="tests.test_grpo" name="test_compute_naive_policy_gradient_loss" time="0.007" /><testcase classname="tests.test_grpo" name="test_compute_grpo_clip_loss_large_cliprange" time="0.004" /><testcase classname="tests.test_grpo" name="test_compute_grpo_clip_loss_small_cliprange" time="0.001" /><testcase classname="tests.test_grpo" name="test_compute_policy_gradient_loss_no_baseline" time="0.001" /><testcase classname="tests.test_grpo" name="test_compute_policy_gradient_loss_reinforce_with_baseline" time="0.001" /><testcase classname="tests.test_grpo" name="test_compute_policy_gradient_loss_grpo_clip" time="0.001" /><testcase classname="tests.test_grpo" name="test_masked_mean_dim0" time="0.002" /><testcase classname="tests.test_grpo" name="test_masked_mean_dim1" time="0.001" /><testcase classname="tests.test_grpo" name="test_masked_mean_dimlast" time="0.001" /><testcase classname="tests.test_grpo" name="test_masked_mean_dimNone" time="0.001" /><testcase classname="tests.test_grpo" name="test_grpo_microbatch_train_step_grpo_clip" time="0.017" /><testcase classname="tests.test_grpo" name="test_grpo_microbatch_train_step_grpo_clip_10_steps" time="0.003" /><testcase classname="tests.test_logging" name="test_log_generations_writes_jsonl" time="0.001" /><testcase classname="tests.test_logging" name="test_log_generations_rejects_length_mismatches" time="0.000" /><testcase classname="tests.test_logging" name="test_log_generations_respects_max_rows" time="0.000" /><testcase classname="tests.test_metrics" name="test_parse_mmlu_response" time="0.000" /><testcase classname="tests.test_metrics" name="test_parse_mmlu_response_unknown" time="0.001" /><testcase classname="tests.test_metrics" name="test_parse_gsm8k_response" time="0.000" /><testcase classname="tests.test_metrics" name="test_parse_gsm8k_response_unknown" time="0.000" /><testcase classname="tests.test_sft" name="test_tokenize_prompt_and_output" time="0.308" /><testcase classname="tests.test_sft" name="test_compute_entropy" time="0.002" /><testcase classname="tests.test_sft" name="test_get_response_log_probs" time="0.067" /><testcase classname="tests.test_sft" name="test_masked_normalize_dim0" time="0.001" /><testcase classname="tests.test_sft" name="test_masked_normalize_dim1" time="0.001" /><testcase classname="tests.test_sft" name="test_masked_normalize_dimlast" time="0.001" /><testcase classname="tests.test_sft" name="test_masked_normalize_dimNone" time="0.001" /><testcase classname="tests.test_sft" name="test_sft_microbatch_train_step" time="0.001" /><testcase classname="tests.test_sft" name="test_sft_microbatch_train_step_normalize" time="0.001" /><testcase classname="tests.test_sft" name="test_sft_microbatch_train_step_10_steps" time="0.001" /></testsuite></testsuites>